C:\Projects\FileManagementServer\FileManagementServer.API\upload-files-client\dist\out-tsc\e2e\src\app.po.js
C:\Projects\FileManagementServer\FileManagementServer.API\upload-files-client\dist\out-tsc\e2e\src\app.po.js.map
C:\Projects\FileManagementServer\FileManagementServer.API\upload-files-client\dist\out-tsc\e2e\src\app.e2e-spec.js
C:\Projects\FileManagementServer\FileManagementServer.API\upload-files-client\dist\out-tsc\e2e\src\app.e2e-spec.js.map
C:\Projects\FileManagementServer\FileManagementServer.API\upload-files-client\dist\out-tsc\src\app\home\home.component.js
C:\Projects\FileManagementServer\FileManagementServer.API\upload-files-client\dist\out-tsc\src\app\home\home.component.js.map
C:\Projects\FileManagementServer\FileManagementServer.API\upload-files-client\dist\out-tsc\src\app\app-routing.module.js
C:\Projects\FileManagementServer\FileManagementServer.API\upload-files-client\dist\out-tsc\src\app\app-routing.module.js.map
C:\Projects\FileManagementServer\FileManagementServer.API\upload-files-client\dist\out-tsc\src\app\app.component.js
C:\Projects\FileManagementServer\FileManagementServer.API\upload-files-client\dist\out-tsc\src\app\app.component.js.map
C:\Projects\FileManagementServer\FileManagementServer.API\upload-files-client\dist\out-tsc\src\app\interfaces\IFiles.js
C:\Projects\FileManagementServer\FileManagementServer.API\upload-files-client\dist\out-tsc\src\app\interfaces\IFiles.js.map
C:\Projects\FileManagementServer\FileManagementServer.API\upload-files-client\dist\out-tsc\src\app\interfaces\IIcons.js
C:\Projects\FileManagementServer\FileManagementServer.API\upload-files-client\dist\out-tsc\src\app\interfaces\IIcons.js.map
C:\Projects\FileManagementServer\FileManagementServer.API\upload-files-client\dist\out-tsc\src\app\interfaces\ISettings.js
C:\Projects\FileManagementServer\FileManagementServer.API\upload-files-client\dist\out-tsc\src\app\interfaces\ISettings.js.map
C:\Projects\FileManagementServer\FileManagementServer.API\upload-files-client\dist\out-tsc\src\environments\environment.js
C:\Projects\FileManagementServer\FileManagementServer.API\upload-files-client\dist\out-tsc\src\environments\environment.js.map
C:\Projects\FileManagementServer\FileManagementServer.API\upload-files-client\dist\out-tsc\src\app\interfaces\IPaginated.js
C:\Projects\FileManagementServer\FileManagementServer.API\upload-files-client\dist\out-tsc\src\app\interfaces\IPaginated.js.map
C:\Projects\FileManagementServer\FileManagementServer.API\upload-files-client\dist\out-tsc\src\app\services\files.service.js
C:\Projects\FileManagementServer\FileManagementServer.API\upload-files-client\dist\out-tsc\src\app\services\files.service.js.map
C:\Projects\FileManagementServer\FileManagementServer.API\upload-files-client\dist\out-tsc\src\app\services\shared.service.js
C:\Projects\FileManagementServer\FileManagementServer.API\upload-files-client\dist\out-tsc\src\app\services\shared.service.js.map
C:\Projects\FileManagementServer\FileManagementServer.API\upload-files-client\dist\out-tsc\src\app\upload-files\upload-files.component.js
C:\Projects\FileManagementServer\FileManagementServer.API\upload-files-client\dist\out-tsc\src\app\upload-files\upload-files.component.js.map
C:\Projects\FileManagementServer\FileManagementServer.API\upload-files-client\dist\out-tsc\src\app\view-files\view-files.component.js
C:\Projects\FileManagementServer\FileManagementServer.API\upload-files-client\dist\out-tsc\src\app\view-files\view-files.component.js.map
C:\Projects\FileManagementServer\FileManagementServer.API\upload-files-client\dist\out-tsc\src\app\pipes\files-type-filter.pipe.js
C:\Projects\FileManagementServer\FileManagementServer.API\upload-files-client\dist\out-tsc\src\app\pipes\files-type-filter.pipe.js.map
C:\Projects\FileManagementServer\FileManagementServer.API\upload-files-client\dist\out-tsc\src\app\pipes\total-records-filter.pipe.js
C:\Projects\FileManagementServer\FileManagementServer.API\upload-files-client\dist\out-tsc\src\app\pipes\total-records-filter.pipe.js.map
C:\Projects\FileManagementServer\FileManagementServer.API\upload-files-client\dist\out-tsc\src\app\app.module.js
C:\Projects\FileManagementServer\FileManagementServer.API\upload-files-client\dist\out-tsc\src\app\app.module.js.map
C:\Projects\FileManagementServer\FileManagementServer.API\upload-files-client\dist\out-tsc\src\main.js
C:\Projects\FileManagementServer\FileManagementServer.API\upload-files-client\dist\out-tsc\src\main.js.map
C:\Projects\FileManagementServer\FileManagementServer.API\upload-files-client\dist\out-tsc\src\polyfills.js
C:\Projects\FileManagementServer\FileManagementServer.API\upload-files-client\dist\out-tsc\src\polyfills.js.map
C:\Projects\FileManagementServer\FileManagementServer.API\upload-files-client\dist\out-tsc\src\test.js
C:\Projects\FileManagementServer\FileManagementServer.API\upload-files-client\dist\out-tsc\src\test.js.map
C:\Projects\FileManagementServer\FileManagementServer.API\upload-files-client\dist\out-tsc\src\app\app.component.spec.js
C:\Projects\FileManagementServer\FileManagementServer.API\upload-files-client\dist\out-tsc\src\app\app.component.spec.js.map
C:\Projects\FileManagementServer\FileManagementServer.API\upload-files-client\dist\out-tsc\src\app\home\home.component.spec.js
C:\Projects\FileManagementServer\FileManagementServer.API\upload-files-client\dist\out-tsc\src\app\home\home.component.spec.js.map
C:\Projects\FileManagementServer\FileManagementServer.API\upload-files-client\dist\out-tsc\src\app\pipes\files-type-filter.pipe.spec.js
C:\Projects\FileManagementServer\FileManagementServer.API\upload-files-client\dist\out-tsc\src\app\pipes\files-type-filter.pipe.spec.js.map
C:\Projects\FileManagementServer\FileManagementServer.API\upload-files-client\dist\out-tsc\src\app\pipes\total-records-filter.pipe.spec.js
C:\Projects\FileManagementServer\FileManagementServer.API\upload-files-client\dist\out-tsc\src\app\pipes\total-records-filter.pipe.spec.js.map
C:\Projects\FileManagementServer\FileManagementServer.API\upload-files-client\dist\out-tsc\src\app\services\files.service.spec.js
C:\Projects\FileManagementServer\FileManagementServer.API\upload-files-client\dist\out-tsc\src\app\services\files.service.spec.js.map
C:\Projects\FileManagementServer\FileManagementServer.API\upload-files-client\dist\out-tsc\src\app\services\shared.service.spec.js
C:\Projects\FileManagementServer\FileManagementServer.API\upload-files-client\dist\out-tsc\src\app\services\shared.service.spec.js.map
C:\Projects\FileManagementServer\FileManagementServer.API\upload-files-client\dist\out-tsc\src\app\upload-files\upload-files.component.spec.js
C:\Projects\FileManagementServer\FileManagementServer.API\upload-files-client\dist\out-tsc\src\app\upload-files\upload-files.component.spec.js.map
C:\Projects\FileManagementServer\FileManagementServer.API\upload-files-client\dist\out-tsc\src\app\view-files\view-files.component.spec.js
C:\Projects\FileManagementServer\FileManagementServer.API\upload-files-client\dist\out-tsc\src\app\view-files\view-files.component.spec.js.map
C:\Projects\FileManagementServer\FileManagementServer.API\upload-files-client\dist\out-tsc\src\environments\environment.prod.js
C:\Projects\FileManagementServer\FileManagementServer.API\upload-files-client\dist\out-tsc\src\environments\environment.prod.js.map
